<?xml version="1.0" encoding="UTF-8"?>
<testsuite name="challenge10.AppTest" tests="1" skipped="0" failures="0" errors="0" timestamp="2022-03-17T16:23:06" hostname="DESKTOP-21OFTVH" time="0.025">
  <properties/>
  <testcase name="Calling dequeue in empty  raises exception" classname="challenge10.AppTest" time="0.025"/>
  <system-out><![CDATA[]]></system-out>
  <system-err><![CDATA[]]></system-err>
</testsuite>
